  camera.cpp
  cJSON.cpp
  box.cpp
  box_bld.cpp
  coldet.cpp
  coldet_bld.cpp
  math3d.cpp
  mytritri.cpp
  sysdep.cpp
  tritri.cpp
  hdre.cpp
  ImCurveEdit.cpp
  ImGradient.cpp
  imgui.cpp
  ImGuizmo.cpp
  imgui_demo.cpp
  imgui_impl_opengl3.cpp
  imgui_impl_sdl.cpp
D:\Uni\4 Cuarto\Trimestre3\GTR\GTR_Framework\src\extra\coldet\box_bld.cpp(134,21): warning C4018: '<': signed/unsigned mismatch
D:\Uni\4 Cuarto\Trimestre3\GTR\GTR_Framework\src\extra\coldet\coldet.cpp(374,10): warning C4244: 'initializing': conversion from 'double' to 'float', possible loss of data
  imgui_widgets.cpp
  ImSequencer.cpp
  jpgd.cpp
  picopng.cpp
  textparser.cpp
  fbo.cpp
  framework.cpp
  application.cpp
  gltf_loader.cpp
  input.cpp
  LightEntity.cpp
  main.cpp
  material.cpp
  mesh.cpp
  renderer.cpp
D:\Uni\4 Cuarto\Trimestre3\GTR\GTR_Framework\src\framework.cpp(49,4): warning C4996: 'strncpy': This function or variable may be unsafe. Consider using strncpy_s instead. To disable deprecation, use _CRT_SECURE_NO_WARNINGS. See online help for details.
D:\Uni\4 Cuarto\Trimestre3\GTR\GTR_Framework\src\framework.cpp(151,4): warning C4996: 'strncpy': This function or variable may be unsafe. Consider using strncpy_s instead. To disable deprecation, use _CRT_SECURE_NO_WARNINGS. See online help for details.
D:\Uni\4 Cuarto\Trimestre3\GTR\GTR_Framework\src\framework.cpp(184,18): warning C4244: 'argument': conversion from 'double' to 'float', possible loss of data
D:\Uni\4 Cuarto\Trimestre3\GTR\GTR_Framework\src\framework.cpp(1282,34): warning C4244: 'argument': conversion from 'double' to 'float', possible loss of data
D:\Uni\4 Cuarto\Trimestre3\GTR\GTR_Framework\src\framework.cpp(1400,32): warning C4244: '=': conversion from 'double' to 'float', possible loss of data
D:\Uni\4 Cuarto\Trimestre3\GTR\GTR_Framework\src\framework.cpp(1405,32): warning C4244: '=': conversion from 'double' to 'float', possible loss of data
  prefab.cpp
  scene.cpp
D:\Uni\4 Cuarto\Trimestre3\GTR\GTR_Framework\src\extra\hdre.cpp(140,11): warning C4244: '=': conversion from 'double' to 'int', possible loss of data
D:\Uni\4 Cuarto\Trimestre3\GTR\GTR_Framework\src\extra\hdre.cpp(201,11): warning C4244: '=': conversion from 'double' to 'int', possible loss of data
D:\Uni\4 Cuarto\Trimestre3\GTR\GTR_Framework\src\extra\hdre.cpp(108,12): warning C4996: 'fopen': This function or variable may be unsafe. Consider using fopen_s instead. To disable deprecation, use _CRT_SECURE_NO_WARNINGS. See online help for details.
D:\Uni\4 Cuarto\Trimestre3\GTR\GTR_Framework\src\camera.cpp(116,11): warning C4244: 'initializing': conversion from 'double' to 'float', possible loss of data
D:\Uni\4 Cuarto\Trimestre3\GTR\GTR_Framework\src\camera.cpp(125,13): warning C4244: 'argument': conversion from 'double' to 'float', possible loss of data
D:\Uni\4 Cuarto\Trimestre3\GTR\GTR_Framework\src\camera.cpp(346,70): warning C4305: 'argument': truncation from 'double' to 'float'
D:\Uni\4 Cuarto\Trimestre3\GTR\GTR_Framework\src\camera.cpp(351,69): warning C4305: 'argument': truncation from 'double' to 'float'
  shader.cpp
  sphericalharmonics.cpp
D:\Uni\4 Cuarto\Trimestre3\GTR\GTR_Framework\src\scene.h(14,12): warning C4099: 'cJSON': type name first seen using 'struct' now seen using 'class' (compiling source file ..\..\src\application.cpp)
D:\Uni\4 Cuarto\Trimestre3\GTR\GTR_Framework\src\extra\cJSON.h(103): message : see declaration of 'cJSON' (compiling source file ..\..\src\application.cpp)
D:\Uni\4 Cuarto\Trimestre3\GTR\GTR_Framework\src\application.cpp(137,14): warning C4244: 'initializing': conversion from 'double' to 'float', possible loss of data
D:\Uni\4 Cuarto\Trimestre3\GTR\GTR_Framework\src\application.cpp(138,20): warning C4244: 'initializing': conversion from 'double' to 'float', possible loss of data
D:\Uni\4 Cuarto\Trimestre3\GTR\GTR_Framework\src\application.cpp(154,55): warning C4244: 'argument': conversion from 'double' to 'float', possible loss of data
D:\Uni\4 Cuarto\Trimestre3\GTR\GTR_Framework\src\fbo.cpp(112,24): warning C4244: '=': conversion from 'float' to 'int', possible loss of data
D:\Uni\4 Cuarto\Trimestre3\GTR\GTR_Framework\src\fbo.cpp(113,25): warning C4244: '=': conversion from 'float' to 'int', possible loss of data
D:\Uni\4 Cuarto\Trimestre3\GTR\GTR_Framework\src\application.cpp(156,55): warning C4244: 'argument': conversion from 'double' to 'float', possible loss of data
D:\Uni\4 Cuarto\Trimestre3\GTR\GTR_Framework\src\fbo.cpp(143,24): warning C4018: '<': signed/unsigned mismatch
D:\Uni\4 Cuarto\Trimestre3\GTR\GTR_Framework\src\application.cpp(281,20): warning C4018: '<': signed/unsigned mismatch
D:\Uni\4 Cuarto\Trimestre3\GTR\GTR_Framework\src\application.cpp(376,36): warning C4244: '*=': conversion from 'double' to 'float', possible loss of data
D:\Uni\4 Cuarto\Trimestre3\GTR\GTR_Framework\src\application.cpp(378,35): warning C4244: 'argument': conversion from 'double' to 'float', possible loss of data
D:\Uni\4 Cuarto\Trimestre3\GTR\GTR_Framework\src\input.cpp(138,24): warning C4244: '=': conversion from 'float' to 'char', possible loss of data
D:\Uni\4 Cuarto\Trimestre3\GTR\GTR_Framework\src\input.cpp(146,19): warning C4305: 'initializing': truncation from 'double' to 'float'
D:\Uni\4 Cuarto\Trimestre3\GTR\GTR_Framework\src\extra\cgltf.h(771,15): warning C4996: 'fopen': This function or variable may be unsafe. Consider using fopen_s instead. To disable deprecation, use _CRT_SECURE_NO_WARNINGS. See online help for details. (compiling source file ..\..\src\gltf_loader.cpp)
D:\Uni\4 Cuarto\Trimestre3\GTR\GTR_Framework\src\extra\cgltf.h(1005,3): warning C4996: 'strncpy': This function or variable may be unsafe. Consider using strncpy_s instead. To disable deprecation, use _CRT_SECURE_NO_WARNINGS. See online help for details. (compiling source file ..\..\src\gltf_loader.cpp)
D:\Uni\4 Cuarto\Trimestre3\GTR\GTR_Framework\src\extra\cgltf.h(1006,3): warning C4996: 'strcpy': This function or variable may be unsafe. Consider using strcpy_s instead. To disable deprecation, use _CRT_SECURE_NO_WARNINGS. See online help for details. (compiling source file ..\..\src\gltf_loader.cpp)
D:\Uni\4 Cuarto\Trimestre3\GTR\GTR_Framework\src\extra\cgltf.h(1010,3): warning C4996: 'strcpy': This function or variable may be unsafe. Consider using strcpy_s instead. To disable deprecation, use _CRT_SECURE_NO_WARNINGS. See online help for details. (compiling source file ..\..\src\gltf_loader.cpp)
D:\Uni\4 Cuarto\Trimestre3\GTR\GTR_Framework\src\extra\cgltf.h(1415,3): warning C4996: 'strncpy': This function or variable may be unsafe. Consider using strncpy_s instead. To disable deprecation, use _CRT_SECURE_NO_WARNINGS. See online help for details. (compiling source file ..\..\src\gltf_loader.cpp)
D:\Uni\4 Cuarto\Trimestre3\GTR\GTR_Framework\src\extra\cgltf.h(1420,3): warning C4996: 'strncpy': This function or variable may be unsafe. Consider using strncpy_s instead. To disable deprecation, use _CRT_SECURE_NO_WARNINGS. See online help for details. (compiling source file ..\..\src\gltf_loader.cpp)
D:\Uni\4 Cuarto\Trimestre3\GTR\GTR_Framework\src\extra\cgltf.h(1965,2): warning C4996: 'strncpy': This function or variable may be unsafe. Consider using strncpy_s instead. To disable deprecation, use _CRT_SECURE_NO_WARNINGS. See online help for details. (compiling source file ..\..\src\gltf_loader.cpp)
D:\Uni\4 Cuarto\Trimestre3\GTR\GTR_Framework\src\extra\cgltf.h(1975,2): warning C4996: 'strncpy': This function or variable may be unsafe. Consider using strncpy_s instead. To disable deprecation, use _CRT_SECURE_NO_WARNINGS. See online help for details. (compiling source file ..\..\src\gltf_loader.cpp)
D:\Uni\4 Cuarto\Trimestre3\GTR\GTR_Framework\src\extra\cgltf.h(2054,2): warning C4996: 'strncpy': This function or variable may be unsafe. Consider using strncpy_s instead. To disable deprecation, use _CRT_SECURE_NO_WARNINGS. See online help for details. (compiling source file ..\..\src\gltf_loader.cpp)
D:\Uni\4 Cuarto\Trimestre3\GTR\GTR_Framework\src\extra\cJSON.h(104,1): warning C4099: 'cJSON': type name first seen using 'class' now seen using 'struct' (compiling source file ..\..\src\gltf_loader.cpp)
D:\Uni\4 Cuarto\Trimestre3\GTR\GTR_Framework\src\extra\cJSON.h(103): message : see declaration of 'cJSON' (compiling source file ..\..\src\gltf_loader.cpp)
D:\Uni\4 Cuarto\Trimestre3\GTR\GTR_Framework\src\gltf_loader.cpp(61,20): warning C4018: '<': signed/unsigned mismatch
D:\Uni\4 Cuarto\Trimestre3\GTR\GTR_Framework\src\gltf_loader.cpp(71,13): warning C4018: '<': signed/unsigned mismatch
D:\Uni\4 Cuarto\Trimestre3\GTR\GTR_Framework\src\gltf_loader.cpp(114,20): warning C4018: '<': signed/unsigned mismatch
D:\Uni\4 Cuarto\Trimestre3\GTR\GTR_Framework\src\gltf_loader.cpp(141,20): warning C4018: '<': signed/unsigned mismatch
D:\Uni\4 Cuarto\Trimestre3\GTR\GTR_Framework\src\gltf_loader.cpp(163,20): warning C4018: '<': signed/unsigned mismatch
D:\Uni\4 Cuarto\Trimestre3\GTR\GTR_Framework\src\gltf_loader.cpp(183,21): warning C4018: '<': signed/unsigned mismatch
D:\Uni\4 Cuarto\Trimestre3\GTR\GTR_Framework\src\gltf_loader.cpp(397,22): warning C4018: '<': signed/unsigned mismatch
D:\Uni\4 Cuarto\Trimestre3\GTR\GTR_Framework\src\gltf_loader.cpp(426,20): warning C4018: '<': signed/unsigned mismatch
D:\Uni\4 Cuarto\Trimestre3\GTR\GTR_Framework\src\gltf_loader.cpp(491,22): warning C4018: '<': signed/unsigned mismatch
D:\Uni\4 Cuarto\Trimestre3\GTR\GTR_Framework\src\gltf_loader.cpp(471,2): warning C4996: 'strcpy': This function or variable may be unsafe. Consider using strcpy_s instead. To disable deprecation, use _CRT_SECURE_NO_WARNINGS. See online help for details.
  texture.cpp
  utils.cpp
D:\Uni\4 Cuarto\Trimestre3\GTR\GTR_Framework\src\material.cpp(71,9): warning C4244: 'initializing': conversion from 'float' to 'int', possible loss of data
D:\Uni\4 Cuarto\Trimestre3\GTR\GTR_Framework\src\material.cpp(73,75): warning C4244: 'argument': conversion from 'int' to 'float', possible loss of data
D:\Uni\4 Cuarto\Trimestre3\GTR\GTR_Framework\src\mesh.cpp(295,3): warning C4018: '<': signed/unsigned mismatch
D:\Uni\4 Cuarto\Trimestre3\GTR\GTR_Framework\src\mesh.cpp(496,1): warning C4005: 'glGenBuffersARB': macro redefinition
D:\Uni\4 Cuarto\Trimestre3\GTR\GTR_Framework\visualstudio\libs\include\GL\glew.h(7631): message : see previous definition of 'glGenBuffersARB' (compiling source file ..\..\src\mesh.cpp)
D:\Uni\4 Cuarto\Trimestre3\GTR\GTR_Framework\src\mesh.cpp(497,1): warning C4005: 'glBindBufferARB': macro redefinition
D:\Uni\4 Cuarto\Trimestre3\GTR\GTR_Framework\visualstudio\libs\include\GL\glew.h(7627): message : see previous definition of 'glBindBufferARB' (compiling source file ..\..\src\mesh.cpp)
D:\Uni\4 Cuarto\Trimestre3\GTR\GTR_Framework\src\mesh.cpp(498,1): warning C4005: 'glBufferDataARB': macro redefinition
D:\Uni\4 Cuarto\Trimestre3\GTR\GTR_Framework\visualstudio\libs\include\GL\glew.h(7628): message : see previous definition of 'glBufferDataARB' (compiling source file ..\..\src\mesh.cpp)
D:\Uni\4 Cuarto\Trimestre3\GTR\GTR_Framework\src\mesh.cpp(499,1): warning C4005: 'GL_ARRAY_BUFFER_ARB': macro redefinition
D:\Uni\4 Cuarto\Trimestre3\GTR\GTR_Framework\visualstudio\libs\include\GL\glew.h(7582): message : see previous definition of 'GL_ARRAY_BUFFER_ARB' (compiling source file ..\..\src\mesh.cpp)
D:\Uni\4 Cuarto\Trimestre3\GTR\GTR_Framework\src\mesh.cpp(500,1): warning C4005: 'GL_STATIC_DRAW_ARB': macro redefinition
D:\Uni\4 Cuarto\Trimestre3\GTR\GTR_Framework\visualstudio\libs\include\GL\glew.h(7605): message : see previous definition of 'GL_STATIC_DRAW_ARB' (compiling source file ..\..\src\mesh.cpp)
D:\Uni\4 Cuarto\Trimestre3\GTR\GTR_Framework\src\main.cpp(153,46): warning C4244: '=': conversion from 'Sint32' to 'float', possible loss of data
D:\Uni\4 Cuarto\Trimestre3\GTR\GTR_Framework\src\main.cpp(188,23): warning C4244: '=': conversion from 'double' to 'float', possible loss of data
D:\Uni\4 Cuarto\Trimestre3\GTR\GTR_Framework\src\mesh.cpp(764,6): warning C4996: 'fopen': This function or variable may be unsafe. Consider using fopen_s instead. To disable deprecation, use _CRT_SECURE_NO_WARNINGS. See online help for details.
D:\Uni\4 Cuarto\Trimestre3\GTR\GTR_Framework\src\mesh.cpp(881,12): warning C4996: 'fopen': This function or variable may be unsafe. Consider using fopen_s instead. To disable deprecation, use _CRT_SECURE_NO_WARNINGS. See online help for details.
D:\Uni\4 Cuarto\Trimestre3\GTR\GTR_Framework\src\mesh.cpp(1136,50): warning C4244: 'argument': conversion from 'double' to 'float', possible loss of data
D:\Uni\4 Cuarto\Trimestre3\GTR\GTR_Framework\src\mesh.cpp(1158,5): warning C4996: 'strcpy': This function or variable may be unsafe. Consider using strcpy_s instead. To disable deprecation, use _CRT_SECURE_NO_WARNINGS. See online help for details.
D:\Uni\4 Cuarto\Trimestre3\GTR\GTR_Framework\src\mesh.cpp(1162,5): warning C4996: 'strcpy': This function or variable may be unsafe. Consider using strcpy_s instead. To disable deprecation, use _CRT_SECURE_NO_WARNINGS. See online help for details.
D:\Uni\4 Cuarto\Trimestre3\GTR\GTR_Framework\src\mesh.cpp(1172,5): warning C4996: 'strcpy': This function or variable may be unsafe. Consider using strcpy_s instead. To disable deprecation, use _CRT_SECURE_NO_WARNINGS. See online help for details.
D:\Uni\4 Cuarto\Trimestre3\GTR\GTR_Framework\src\mesh.cpp(1273,27): warning C4244: 'argument': conversion from 'double' to 'const unsigned int', possible loss of data
D:\Uni\4 Cuarto\Trimestre3\GTR\GTR_Framework\src\mesh.cpp(1274,23): warning C4018: '<': signed/unsigned mismatch
D:\Uni\4 Cuarto\Trimestre3\GTR\GTR_Framework\src\mesh.cpp(1222,12): warning C4996: 'fopen': This function or variable may be unsafe. Consider using fopen_s instead. To disable deprecation, use _CRT_SECURE_NO_WARNINGS. See online help for details.
D:\Uni\4 Cuarto\Trimestre3\GTR\GTR_Framework\src\mesh.cpp(1412,40): warning C4244: 'argument': conversion from 'double' to 'float', possible loss of data
D:\Uni\4 Cuarto\Trimestre3\GTR\GTR_Framework\src\mesh.cpp(1412,25): warning C4244: 'argument': conversion from 'double' to 'float', possible loss of data
D:\Uni\4 Cuarto\Trimestre3\GTR\GTR_Framework\src\mesh.cpp(1414,44): warning C4244: 'argument': conversion from 'double' to 'float', possible loss of data
D:\Uni\4 Cuarto\Trimestre3\GTR\GTR_Framework\src\mesh.cpp(1414,31): warning C4244: 'argument': conversion from 'double' to 'float', possible loss of data
D:\Uni\4 Cuarto\Trimestre3\GTR\GTR_Framework\src\mesh.cpp(1415,31): warning C4244: 'argument': conversion from 'double' to 'float', possible loss of data
D:\Uni\4 Cuarto\Trimestre3\GTR\GTR_Framework\src\mesh.cpp(1422,44): warning C4244: 'argument': conversion from 'double' to 'float', possible loss of data
D:\Uni\4 Cuarto\Trimestre3\GTR\GTR_Framework\src\mesh.cpp(1422,31): warning C4244: 'argument': conversion from 'double' to 'float', possible loss of data
D:\Uni\4 Cuarto\Trimestre3\GTR\GTR_Framework\src\mesh.cpp(1424,43): warning C4244: 'argument': conversion from 'double' to 'float', possible loss of data
D:\Uni\4 Cuarto\Trimestre3\GTR\GTR_Framework\src\mesh.cpp(1437,30): warning C4244: '=': conversion from 'double' to 'float', possible loss of data
D:\Uni\4 Cuarto\Trimestre3\GTR\GTR_Framework\src\mesh.cpp(1460,30): warning C4244: '=': conversion from 'double' to 'float', possible loss of data
D:\Uni\4 Cuarto\Trimestre3\GTR\GTR_Framework\src\mesh.cpp(1489,21): warning C4018: '<': signed/unsigned mismatch
D:\Uni\4 Cuarto\Trimestre3\GTR\GTR_Framework\src\mesh.cpp(1498,21): warning C4018: '<': signed/unsigned mismatch
D:\Uni\4 Cuarto\Trimestre3\GTR\GTR_Framework\src\extra\cJSON.h(104,1): warning C4099: 'cJSON': type name first seen using 'class' now seen using 'struct' (compiling source file ..\..\src\renderer.cpp)
D:\Uni\4 Cuarto\Trimestre3\GTR\GTR_Framework\src\extra\cJSON.h(103): message : see declaration of 'cJSON' (compiling source file ..\..\src\renderer.cpp)
D:\Uni\4 Cuarto\Trimestre3\GTR\GTR_Framework\src\renderer.cpp(70,16): warning C4305: '=': truncation from 'double' to 'float'
D:\Uni\4 Cuarto\Trimestre3\GTR\GTR_Framework\src\renderer.cpp(72,13): warning C4305: '=': truncation from 'double' to 'float'
D:\Uni\4 Cuarto\Trimestre3\GTR\GTR_Framework\src\renderer.cpp(92,21): warning C4305: '=': truncation from 'double' to 'float'
D:\Uni\4 Cuarto\Trimestre3\GTR\GTR_Framework\src\renderer.cpp(96,23): warning C4305: '=': truncation from 'double' to 'float'
D:\Uni\4 Cuarto\Trimestre3\GTR\GTR_Framework\src\renderer.cpp(107,20): warning C4018: '<': signed/unsigned mismatch
D:\Uni\4 Cuarto\Trimestre3\GTR\GTR_Framework\src\renderer.cpp(161,33): warning C4244: 'argument': conversion from 'double' to 'int', possible loss of data
D:\Uni\4 Cuarto\Trimestre3\GTR\GTR_Framework\src\renderer.cpp(196,20): warning C4018: '<': signed/unsigned mismatch
D:\Uni\4 Cuarto\Trimestre3\GTR\GTR_Framework\src\renderer.cpp(214,20): warning C4018: '<': signed/unsigned mismatch
D:\Uni\4 Cuarto\Trimestre3\GTR\GTR_Framework\src\renderer.cpp(261,20): warning C4018: '<': signed/unsigned mismatch
D:\Uni\4 Cuarto\Trimestre3\GTR\GTR_Framework\src\renderer.cpp(362,10): warning C4244: 'initializing': conversion from 'long' to 'float', possible loss of data
D:\Uni\4 Cuarto\Trimestre3\GTR\GTR_Framework\src\renderer.cpp(438,20): warning C4018: '<': signed/unsigned mismatch
D:\Uni\4 Cuarto\Trimestre3\GTR\GTR_Framework\src\renderer.cpp(496,20): warning C4018: '<': signed/unsigned mismatch
D:\Uni\4 Cuarto\Trimestre3\GTR\GTR_Framework\src\renderer.cpp(520,20): warning C4018: '<': signed/unsigned mismatch
D:\Uni\4 Cuarto\Trimestre3\GTR\GTR_Framework\src\renderer.cpp(582,36): warning C4244: 'argument': conversion from 'double' to 'int', possible loss of data
D:\Uni\4 Cuarto\Trimestre3\GTR\GTR_Framework\src\renderer.cpp(594,20): warning C4018: '<': signed/unsigned mismatch
D:\Uni\4 Cuarto\Trimestre3\GTR\GTR_Framework\src\renderer.cpp(619,32): warning C4244: 'argument': conversion from 'double' to 'int', possible loss of data
D:\Uni\4 Cuarto\Trimestre3\GTR\GTR_Framework\src\renderer.cpp(652,21): warning C4018: '<': signed/unsigned mismatch
D:\Uni\4 Cuarto\Trimestre3\GTR\GTR_Framework\src\renderer.cpp(719,48): warning C4244: 'argument': conversion from 'double' to 'GLsizei', possible loss of data
D:\Uni\4 Cuarto\Trimestre3\GTR\GTR_Framework\src\renderer.cpp(719,34): warning C4244: 'argument': conversion from 'double' to 'GLsizei', possible loss of data
D:\Uni\4 Cuarto\Trimestre3\GTR\GTR_Framework\src\renderer.cpp(719,22): warning C4244: 'argument': conversion from 'double' to 'GLint', possible loss of data
D:\Uni\4 Cuarto\Trimestre3\GTR\GTR_Framework\src\renderer.cpp(722,58): warning C4244: 'argument': conversion from 'double' to 'GLsizei', possible loss of data
D:\Uni\4 Cuarto\Trimestre3\GTR\GTR_Framework\src\renderer.cpp(722,44): warning C4244: 'argument': conversion from 'double' to 'GLsizei', possible loss of data
D:\Uni\4 Cuarto\Trimestre3\GTR\GTR_Framework\src\renderer.cpp(722,32): warning C4244: 'argument': conversion from 'double' to 'GLint', possible loss of data
D:\Uni\4 Cuarto\Trimestre3\GTR\GTR_Framework\src\renderer.cpp(722,19): warning C4244: 'argument': conversion from 'double' to 'GLint', possible loss of data
D:\Uni\4 Cuarto\Trimestre3\GTR\GTR_Framework\src\renderer.cpp(725,39): warning C4244: 'argument': conversion from 'double' to 'GLsizei', possible loss of data
D:\Uni\4 Cuarto\Trimestre3\GTR\GTR_Framework\src\renderer.cpp(725,25): warning C4244: 'argument': conversion from 'double' to 'GLsizei', possible loss of data
D:\Uni\4 Cuarto\Trimestre3\GTR\GTR_Framework\src\renderer.cpp(728,49): warning C4244: 'argument': conversion from 'double' to 'GLsizei', possible loss of data
D:\Uni\4 Cuarto\Trimestre3\GTR\GTR_Framework\src\renderer.cpp(728,35): warning C4244: 'argument': conversion from 'double' to 'GLsizei', possible loss of data
D:\Uni\4 Cuarto\Trimestre3\GTR\GTR_Framework\src\renderer.cpp(728,19): warning C4244: 'argument': conversion from 'double' to 'GLint', possible loss of data
D:\Uni\4 Cuarto\Trimestre3\GTR\GTR_Framework\src\renderer.cpp(779,63): warning C4244: 'argument': conversion from 'double' to 'float', possible loss of data
D:\Uni\4 Cuarto\Trimestre3\GTR\GTR_Framework\src\renderer.cpp(779,43): warning C4244: 'argument': conversion from 'double' to 'float', possible loss of data
D:\Uni\4 Cuarto\Trimestre3\GTR\GTR_Framework\src\renderer.cpp(808,20): warning C4018: '<': signed/unsigned mismatch
D:\Uni\4 Cuarto\Trimestre3\GTR\GTR_Framework\src\renderer.cpp(831,63): warning C4244: 'argument': conversion from 'double' to 'float', possible loss of data
D:\Uni\4 Cuarto\Trimestre3\GTR\GTR_Framework\src\renderer.cpp(831,43): warning C4244: 'argument': conversion from 'double' to 'float', possible loss of data
D:\Uni\4 Cuarto\Trimestre3\GTR\GTR_Framework\src\renderer.cpp(864,63): warning C4305: 'argument': truncation from 'double' to 'float'
D:\Uni\4 Cuarto\Trimestre3\GTR\GTR_Framework\src\renderer.cpp(879,64): warning C4305: 'argument': truncation from 'double' to 'float'
D:\Uni\4 Cuarto\Trimestre3\GTR\GTR_Framework\src\renderer.cpp(881,75): warning C4305: 'argument': truncation from 'double' to 'float'
D:\Uni\4 Cuarto\Trimestre3\GTR\GTR_Framework\src\renderer.cpp(893,69): warning C4305: 'argument': truncation from 'double' to 'float'
D:\Uni\4 Cuarto\Trimestre3\GTR\GTR_Framework\src\renderer.cpp(903,66): warning C4305: 'argument': truncation from 'double' to 'float'
D:\Uni\4 Cuarto\Trimestre3\GTR\GTR_Framework\src\renderer.cpp(911,40): warning C4244: 'argument': conversion from 'double' to 'int', possible loss of data
D:\Uni\4 Cuarto\Trimestre3\GTR\GTR_Framework\src\renderer.cpp(931,72): warning C4244: 'argument': conversion from 'double' to 'float', possible loss of data
D:\Uni\4 Cuarto\Trimestre3\GTR\GTR_Framework\src\renderer.cpp(931,52): warning C4244: 'argument': conversion from 'double' to 'float', possible loss of data
D:\Uni\4 Cuarto\Trimestre3\GTR\GTR_Framework\src\renderer.cpp(975,37): warning C4305: 'argument': truncation from 'double' to 'float'
D:\Uni\4 Cuarto\Trimestre3\GTR\GTR_Framework\src\renderer.cpp(1012,20): warning C4018: '<': signed/unsigned mismatch
D:\Uni\4 Cuarto\Trimestre3\GTR\GTR_Framework\src\renderer.cpp(1027,35): warning C4244: 'argument': conversion from 'double' to 'int', possible loss of data
D:\Uni\4 Cuarto\Trimestre3\GTR\GTR_Framework\src\renderer.cpp(1049,63): warning C4244: 'argument': conversion from 'double' to 'float', possible loss of data
D:\Uni\4 Cuarto\Trimestre3\GTR\GTR_Framework\src\renderer.cpp(1049,43): warning C4244: 'argument': conversion from 'double' to 'float', possible loss of data
D:\Uni\4 Cuarto\Trimestre3\GTR\GTR_Framework\src\renderer.cpp(1059,20): warning C4018: '<': signed/unsigned mismatch
D:\Uni\4 Cuarto\Trimestre3\GTR\GTR_Framework\src\renderer.cpp(1067,38): warning C4305: 'argument': truncation from 'double' to 'float'
D:\Uni\4 Cuarto\Trimestre3\GTR\GTR_Framework\src\renderer.cpp(1112,20): warning C4018: '<': signed/unsigned mismatch
D:\Uni\4 Cuarto\Trimestre3\GTR\GTR_Framework\src\renderer.cpp(1117,27): warning C4244: 'argument': conversion from 'int' to 'float', possible loss of data
D:\Uni\4 Cuarto\Trimestre3\GTR\GTR_Framework\src\renderer.cpp(1117,21): warning C4244: 'argument': conversion from 'int' to 'float', possible loss of data
D:\Uni\4 Cuarto\Trimestre3\GTR\GTR_Framework\src\renderer.cpp(1117,15): warning C4244: 'argument': conversion from 'int' to 'float', possible loss of data
D:\Uni\4 Cuarto\Trimestre3\GTR\GTR_Framework\src\renderer.cpp(1129,20): warning C4018: '<': signed/unsigned mismatch
D:\Uni\4 Cuarto\Trimestre3\GTR\GTR_Framework\src\renderer.cpp(1135,38): warning C4244: 'argument': conversion from 'double' to 'int', possible loss of data
D:\Uni\4 Cuarto\Trimestre3\GTR\GTR_Framework\src\renderer.cpp(1164,63): warning C4244: 'argument': conversion from 'double' to 'float', possible loss of data
D:\Uni\4 Cuarto\Trimestre3\GTR\GTR_Framework\src\renderer.cpp(1164,43): warning C4244: 'argument': conversion from 'double' to 'float', possible loss of data
D:\Uni\4 Cuarto\Trimestre3\GTR\GTR_Framework\src\renderer.cpp(1175,31): warning C4244: 'argument': conversion from 'double' to 'int', possible loss of data
D:\Uni\4 Cuarto\Trimestre3\GTR\GTR_Framework\src\renderer.cpp(1186,20): warning C4018: '<': signed/unsigned mismatch
D:\Uni\4 Cuarto\Trimestre3\GTR\GTR_Framework\src\renderer.cpp(1204,64): warning C4244: 'argument': conversion from 'double' to 'float', possible loss of data
D:\Uni\4 Cuarto\Trimestre3\GTR\GTR_Framework\src\renderer.cpp(1204,44): warning C4244: 'argument': conversion from 'double' to 'float', possible loss of data
D:\Uni\4 Cuarto\Trimestre3\GTR\GTR_Framework\src\renderer.cpp(1208,11): warning C4244: 'initializing': conversion from 'long' to 'float', possible loss of data
D:\Uni\4 Cuarto\Trimestre3\GTR\GTR_Framework\src\renderer.cpp(1230,31): warning C4244: 'argument': conversion from 'double' to 'int', possible loss of data
D:\Uni\4 Cuarto\Trimestre3\GTR\GTR_Framework\src\renderer.cpp(1286,15): warning C4244: 'initializing': conversion from 'double' to 'float', possible loss of data
D:\Uni\4 Cuarto\Trimestre3\GTR\GTR_Framework\src\renderer.cpp(1287,13): warning C4244: 'initializing': conversion from 'double' to 'float', possible loss of data
D:\Uni\4 Cuarto\Trimestre3\GTR\GTR_Framework\src\renderer.cpp(1288,11): warning C4244: 'initializing': conversion from 'double' to 'float', possible loss of data
D:\Uni\4 Cuarto\Trimestre3\GTR\GTR_Framework\src\renderer.cpp(1304,21): warning C4305: '=': truncation from 'double' to 'float'
D:\Uni\4 Cuarto\Trimestre3\GTR\GTR_Framework\src\renderer.cpp(1310,30): warning C4244: 'argument': conversion from 'double' to 'int', possible loss of data
D:\Uni\4 Cuarto\Trimestre3\GTR\GTR_Framework\src\renderer.cpp(1344,63): warning C4244: 'argument': conversion from 'double' to 'float', possible loss of data
D:\Uni\4 Cuarto\Trimestre3\GTR\GTR_Framework\src\renderer.cpp(1344,43): warning C4244: 'argument': conversion from 'double' to 'float', possible loss of data
D:\Uni\4 Cuarto\Trimestre3\GTR\GTR_Framework\src\extra\cJSON.h(104,1): warning C4099: 'cJSON': type name first seen using 'class' now seen using 'struct' (compiling source file ..\..\src\prefab.cpp)
D:\Uni\4 Cuarto\Trimestre3\GTR\GTR_Framework\src\extra\cJSON.h(103): message : see declaration of 'cJSON' (compiling source file ..\..\src\prefab.cpp)
D:\Uni\4 Cuarto\Trimestre3\GTR\GTR_Framework\src\prefab.cpp(41,20): warning C4018: '<': signed/unsigned mismatch
D:\Uni\4 Cuarto\Trimestre3\GTR\GTR_Framework\src\prefab.cpp(55,20): warning C4018: '<': signed/unsigned mismatch
D:\Uni\4 Cuarto\Trimestre3\GTR\GTR_Framework\src\prefab.cpp(63,20): warning C4018: '<': signed/unsigned mismatch
D:\Uni\4 Cuarto\Trimestre3\GTR\GTR_Framework\src\prefab.cpp(79,20): warning C4018: '<': signed/unsigned mismatch
D:\Uni\4 Cuarto\Trimestre3\GTR\GTR_Framework\src\prefab.cpp(108,20): warning C4018: '<': signed/unsigned mismatch
D:\Uni\4 Cuarto\Trimestre3\GTR\GTR_Framework\src\prefab.cpp(138,20): warning C4018: '<': signed/unsigned mismatch
D:\Uni\4 Cuarto\Trimestre3\GTR\GTR_Framework\src\prefab.cpp(170,22): warning C4018: '<': signed/unsigned mismatch
D:\Uni\4 Cuarto\Trimestre3\GTR\GTR_Framework\src\prefab.cpp(243,20): warning C4018: '<': signed/unsigned mismatch
D:\Uni\4 Cuarto\Trimestre3\GTR\GTR_Framework\src\extra\cJSON.h(104,1): warning C4099: 'cJSON': type name first seen using 'class' now seen using 'struct' (compiling source file ..\..\src\scene.cpp)
D:\Uni\4 Cuarto\Trimestre3\GTR\GTR_Framework\src\extra\cJSON.h(103): message : see declaration of 'cJSON' (compiling source file ..\..\src\scene.cpp)
D:\Uni\4 Cuarto\Trimestre3\GTR\GTR_Framework\src\scene.cpp(27,20): warning C4018: '<': signed/unsigned mismatch
D:\Uni\4 Cuarto\Trimestre3\GTR\GTR_Framework\src\scene.cpp(106,16): warning C4244: 'initializing': conversion from 'double' to 'float', possible loss of data
D:\Uni\4 Cuarto\Trimestre3\GTR\GTR_Framework\src\scene.cpp(107,28): warning C4244: 'argument': conversion from 'double' to 'float', possible loss of data
D:\Uni\4 Cuarto\Trimestre3\GTR\GTR_Framework\src\scene.cpp(142,20): warning C4018: '<': signed/unsigned mismatch
D:\Uni\4 Cuarto\Trimestre3\GTR\GTR_Framework\src\scene.cpp(221,20): warning C4305: '=': truncation from 'double' to 'float'
D:\Uni\4 Cuarto\Trimestre3\GTR\GTR_Framework\src\scene.cpp(274,51): warning C4244: '=': conversion from 'double' to 'float', possible loss of data
D:\Uni\4 Cuarto\Trimestre3\GTR\GTR_Framework\src\scene.cpp(277,53): warning C4244: '=': conversion from 'double' to 'float', possible loss of data
D:\Uni\4 Cuarto\Trimestre3\GTR\GTR_Framework\src\scene.cpp(280,55): warning C4244: '=': conversion from 'double' to 'float', possible loss of data
D:\Uni\4 Cuarto\Trimestre3\GTR\GTR_Framework\src\scene.cpp(283,50): warning C4244: '=': conversion from 'double' to 'float', possible loss of data
D:\Uni\4 Cuarto\Trimestre3\GTR\GTR_Framework\src\scene.cpp(286,75): warning C4305: 'argument': truncation from 'double' to 'float'
D:\Uni\4 Cuarto\Trimestre3\GTR\GTR_Framework\src\scene.cpp(290,53): warning C4244: '=': conversion from 'double' to 'float', possible loss of data
D:\Uni\4 Cuarto\Trimestre3\GTR\GTR_Framework\src\scene.cpp(310,35): warning C4244: 'argument': conversion from 'double' to 'float', possible loss of data
D:\Uni\4 Cuarto\Trimestre3\GTR\GTR_Framework\src\scene.cpp(315,21): warning C4305: '=': truncation from 'double' to 'float'
D:\Uni\4 Cuarto\Trimestre3\GTR\GTR_Framework\src\scene.cpp(323,15): warning C4244: '=': conversion from 'double' to 'float', possible loss of data
D:\Uni\4 Cuarto\Trimestre3\GTR\GTR_Framework\src\scene.cpp(324,15): warning C4244: '=': conversion from 'double' to 'float', possible loss of data
D:\Uni\4 Cuarto\Trimestre3\GTR\GTR_Framework\src\scene.cpp(325,15): warning C4244: '=': conversion from 'double' to 'float', possible loss of data
D:\Uni\4 Cuarto\Trimestre3\GTR\GTR_Framework\src\scene.cpp(382,34): warning C4244: 'argument': conversion from 'double' to 'float', possible loss of data
D:\Uni\4 Cuarto\Trimestre3\GTR\GTR_Framework\src\scene.cpp(393,20): warning C4018: '<': signed/unsigned mismatch
D:\Uni\4 Cuarto\Trimestre3\GTR\GTR_Framework\src\scene.cpp(411,41): warning C4244: 'argument': conversion from 'int' to 'float', possible loss of data
D:\Uni\4 Cuarto\Trimestre3\GTR\GTR_Framework\src\scene.cpp(411,21): warning C4244: 'argument': conversion from 'int' to 'float', possible loss of data
D:\Uni\4 Cuarto\Trimestre3\GTR\GTR_Framework\src\scene.cpp(412,40): warning C4244: 'argument': conversion from 'int' to 'float', possible loss of data
D:\Uni\4 Cuarto\Trimestre3\GTR\GTR_Framework\src\scene.cpp(412,19): warning C4244: 'argument': conversion from 'int' to 'float', possible loss of data
D:\Uni\4 Cuarto\Trimestre3\GTR\GTR_Framework\src\scene.cpp(436,23): warning C4244: 'argument': conversion from 'int' to 'float', possible loss of data
D:\Uni\4 Cuarto\Trimestre3\GTR\GTR_Framework\src\scene.cpp(436,20): warning C4244: 'argument': conversion from 'int' to 'float', possible loss of data
D:\Uni\4 Cuarto\Trimestre3\GTR\GTR_Framework\src\scene.cpp(436,17): warning C4244: 'argument': conversion from 'int' to 'float', possible loss of data
D:\Uni\4 Cuarto\Trimestre3\GTR\GTR_Framework\src\scene.cpp(439,37): warning C4244: '=': conversion from 'float' to 'int', possible loss of data
D:\Uni\4 Cuarto\Trimestre3\GTR\GTR_Framework\src\scene.cpp(442,47): warning C4244: 'argument': conversion from 'int' to 'float', possible loss of data
D:\Uni\4 Cuarto\Trimestre3\GTR\GTR_Framework\src\scene.cpp(442,44): warning C4244: 'argument': conversion from 'int' to 'float', possible loss of data
D:\Uni\4 Cuarto\Trimestre3\GTR\GTR_Framework\src\scene.cpp(442,41): warning C4244: 'argument': conversion from 'int' to 'float', possible loss of data
D:\Uni\4 Cuarto\Trimestre3\GTR\GTR_Framework\src\scene.cpp(462,88): warning C4244: 'initializing': conversion from 'float' to 'unsigned int', possible loss of data
D:\Uni\4 Cuarto\Trimestre3\GTR\GTR_Framework\src\scene.cpp(464,20): warning C4018: '<': signed/unsigned mismatch
D:\Uni\4 Cuarto\Trimestre3\GTR\GTR_Framework\src\scene.cpp(508,12): warning C4996: 'fopen': This function or variable may be unsafe. Consider using fopen_s instead. To disable deprecation, use _CRT_SECURE_NO_WARNINGS. See online help for details.
D:\Uni\4 Cuarto\Trimestre3\GTR\GTR_Framework\src\scene.cpp(517,12): warning C4996: 'fopen': This function or variable may be unsafe. Consider using fopen_s instead. To disable deprecation, use _CRT_SECURE_NO_WARNINGS. See online help for details.
D:\Uni\4 Cuarto\Trimestre3\GTR\GTR_Framework\src\sphericalharmonics.cpp(26,14): warning C4244: 'initializing': conversion from 'double' to 'float', possible loss of data
D:\Uni\4 Cuarto\Trimestre3\GTR\GTR_Framework\src\sphericalharmonics.cpp(27,14): warning C4244: 'initializing': conversion from 'double' to 'float', possible loss of data
D:\Uni\4 Cuarto\Trimestre3\GTR\GTR_Framework\src\sphericalharmonics.cpp(30,27): warning C4244: 'initializing': conversion from 'double' to 'float', possible loss of data
D:\Uni\4 Cuarto\Trimestre3\GTR\GTR_Framework\src\sphericalharmonics.cpp(31,27): warning C4244: 'initializing': conversion from 'double' to 'float', possible loss of data
D:\Uni\4 Cuarto\Trimestre3\GTR\GTR_Framework\src\sphericalharmonics.cpp(62,30): warning C4244: 'initializing': conversion from 'double' to 'float', possible loss of data
D:\Uni\4 Cuarto\Trimestre3\GTR\GTR_Framework\src\sphericalharmonics.cpp(63,30): warning C4244: 'initializing': conversion from 'double' to 'float', possible loss of data
D:\Uni\4 Cuarto\Trimestre3\GTR\GTR_Framework\src\sphericalharmonics.cpp(88,60): warning C4244: 'argument': conversion from 'int' to 'float', possible loss of data
D:\Uni\4 Cuarto\Trimestre3\GTR\GTR_Framework\src\sphericalharmonics.cpp(88,54): warning C4244: 'argument': conversion from 'int' to 'float', possible loss of data
D:\Uni\4 Cuarto\Trimestre3\GTR\GTR_Framework\src\sphericalharmonics.cpp(88,51): warning C4244: 'argument': conversion from 'int' to 'float', possible loss of data
D:\Uni\4 Cuarto\Trimestre3\GTR\GTR_Framework\src\sphericalharmonics.cpp(88,48): warning C4244: 'argument': conversion from 'int' to 'float', possible loss of data
D:\Uni\4 Cuarto\Trimestre3\GTR\GTR_Framework\src\sphericalharmonics.cpp(102,78): warning C4244: 'argument': conversion from 'double' to 'float', possible loss of data
D:\Uni\4 Cuarto\Trimestre3\GTR\GTR_Framework\src\sphericalharmonics.cpp(102,59): warning C4244: 'argument': conversion from 'double' to 'float', possible loss of data
D:\Uni\4 Cuarto\Trimestre3\GTR\GTR_Framework\src\sphericalharmonics.cpp(102,40): warning C4244: 'argument': conversion from 'double' to 'float', possible loss of data
D:\Uni\4 Cuarto\Trimestre3\GTR\GTR_Framework\src\sphericalharmonics.cpp(123,54): warning C4244: 'argument': conversion from 'double' to 'float', possible loss of data
D:\Uni\4 Cuarto\Trimestre3\GTR\GTR_Framework\src\scene.cpp(168): warning C4715: 'GTR::Scene::createEntity': not all control paths return a value
D:\Uni\4 Cuarto\Trimestre3\GTR\GTR_Framework\src\shader.cpp(178,20): warning C4018: '<': signed/unsigned mismatch
D:\Uni\4 Cuarto\Trimestre3\GTR\GTR_Framework\src\shader.cpp(217,20): warning C4018: '<': signed/unsigned mismatch
D:\Uni\4 Cuarto\Trimestre3\GTR\GTR_Framework\src\utils.cpp(103,13): warning C4996: 'fopen': This function or variable may be unsafe. Consider using fopen_s instead. To disable deprecation, use _CRT_SECURE_NO_WARNINGS. See online help for details.
D:\Uni\4 Cuarto\Trimestre3\GTR\GTR_Framework\src\utils.cpp(128,7): warning C4996: 'fopen': This function or variable may be unsafe. Consider using fopen_s instead. To disable deprecation, use _CRT_SECURE_NO_WARNINGS. See online help for details.
D:\Uni\4 Cuarto\Trimestre3\GTR\GTR_Framework\src\utils.cpp(184,20): warning C4018: '<': signed/unsigned mismatch
D:\Uni\4 Cuarto\Trimestre3\GTR\GTR_Framework\src\utils.cpp(185,26): warning C4018: '<': signed/unsigned mismatch
D:\Uni\4 Cuarto\Trimestre3\GTR\GTR_Framework\src\utils.cpp(333,51): warning C4244: 'argument': conversion from 'double' to 'float', possible loss of data
D:\Uni\4 Cuarto\Trimestre3\GTR\GTR_Framework\src\utils.cpp(334,63): warning C4305: 'argument': truncation from 'double' to 'float'
D:\Uni\4 Cuarto\Trimestre3\GTR\GTR_Framework\src\utils.cpp(374,10): warning C4244: '=': conversion from 'double' to 'float', possible loss of data
D:\Uni\4 Cuarto\Trimestre3\GTR\GTR_Framework\src\utils.cpp(384,16): warning C4244: '=': conversion from 'double' to 'float', possible loss of data
D:\Uni\4 Cuarto\Trimestre3\GTR\GTR_Framework\src\utils.cpp(406,11): warning C4244: 'initializing': conversion from 'double' to 'float', possible loss of data
D:\Uni\4 Cuarto\Trimestre3\GTR\GTR_Framework\src\utils.cpp(408,17): warning C4244: 'argument': conversion from 'float' to 'const unsigned int', possible loss of data
D:\Uni\4 Cuarto\Trimestre3\GTR\GTR_Framework\src\utils.cpp(421,12): warning C4244: 'initializing': conversion from 'double' to 'float', possible loss of data
D:\Uni\4 Cuarto\Trimestre3\GTR\GTR_Framework\src\utils.cpp(430,14): warning C4018: '>=': signed/unsigned mismatch
D:\Uni\4 Cuarto\Trimestre3\GTR\GTR_Framework\src\utils.cpp(470,20): warning C4018: '<': signed/unsigned mismatch
D:\Uni\4 Cuarto\Trimestre3\GTR\GTR_Framework\src\utils.cpp(471,59): warning C4244: 'argument': conversion from '_Ty' to 'unsigned int', possible loss of data
          with
          [
              _Ty=float
          ]
D:\Uni\4 Cuarto\Trimestre3\GTR\GTR_Framework\src\utils.cpp(471,44): warning C4244: 'argument': conversion from '_Ty' to 'unsigned int', possible loss of data
          with
          [
              _Ty=float
          ]
D:\Uni\4 Cuarto\Trimestre3\GTR\GTR_Framework\src\utils.cpp(471,29): warning C4244: 'argument': conversion from '_Ty' to 'unsigned int', possible loss of data
          with
          [
              _Ty=float
          ]
D:\Uni\4 Cuarto\Trimestre3\GTR\GTR_Framework\src\utils.cpp(481,20): warning C4018: '<': signed/unsigned mismatch
D:\Uni\4 Cuarto\Trimestre3\GTR\GTR_Framework\src\utils.cpp(492,20): warning C4018: '<': signed/unsigned mismatch
D:\Uni\4 Cuarto\Trimestre3\GTR\GTR_Framework\src\utils.cpp(493,74): warning C4244: 'argument': conversion from '_Ty' to 'unsigned char', possible loss of data
          with
          [
              _Ty=float
          ]
D:\Uni\4 Cuarto\Trimestre3\GTR\GTR_Framework\src\utils.cpp(493,59): warning C4244: 'argument': conversion from '_Ty' to 'unsigned char', possible loss of data
          with
          [
              _Ty=float
          ]
D:\Uni\4 Cuarto\Trimestre3\GTR\GTR_Framework\src\utils.cpp(493,44): warning C4244: 'argument': conversion from '_Ty' to 'unsigned char', possible loss of data
          with
          [
              _Ty=float
          ]
D:\Uni\4 Cuarto\Trimestre3\GTR\GTR_Framework\src\utils.cpp(493,29): warning C4244: 'argument': conversion from '_Ty' to 'unsigned char', possible loss of data
          with
          [
              _Ty=float
          ]
D:\Uni\4 Cuarto\Trimestre3\GTR\GTR_Framework\src\utils.cpp(512,17): warning C4244: 'return': conversion from 'double' to 'float', possible loss of data
D:\Uni\4 Cuarto\Trimestre3\GTR\GTR_Framework\src\utils.cpp(532,20): warning C4018: '<': signed/unsigned mismatch
D:\Uni\4 Cuarto\Trimestre3\GTR\GTR_Framework\src\utils.cpp(536,23): warning C4244: '=': conversion from 'double' to '_Ty', possible loss of data
          with
          [
              _Ty=float
          ]
D:\Uni\4 Cuarto\Trimestre3\GTR\GTR_Framework\src\texture.cpp(32,51): warning C4244: 'argument': conversion from 'unsigned int' to 'float', possible loss of data
D:\Uni\4 Cuarto\Trimestre3\GTR\GTR_Framework\src\texture.cpp(32,9): warning C4244: 'initializing': conversion from 'double' to 'int', possible loss of data
D:\Uni\4 Cuarto\Trimestre3\GTR\GTR_Framework\src\texture.cpp(33,56): warning C4244: 'argument': conversion from 'unsigned int' to 'float', possible loss of data
D:\Uni\4 Cuarto\Trimestre3\GTR\GTR_Framework\src\texture.cpp(33,9): warning C4244: 'initializing': conversion from 'double' to 'int', possible loss of data
D:\Uni\4 Cuarto\Trimestre3\GTR\GTR_Framework\src\texture.cpp(38,15): warning C4018: '<': signed/unsigned mismatch
D:\Uni\4 Cuarto\Trimestre3\GTR\GTR_Framework\src\texture.cpp(39,15): warning C4018: '<': signed/unsigned mismatch
D:\Uni\4 Cuarto\Trimestre3\GTR\GTR_Framework\src\texture.cpp(46,55): warning C4244: 'argument': conversion from 'unsigned int' to 'float', possible loss of data
D:\Uni\4 Cuarto\Trimestre3\GTR\GTR_Framework\src\texture.cpp(46,9): warning C4244: 'initializing': conversion from 'double' to 'int', possible loss of data
D:\Uni\4 Cuarto\Trimestre3\GTR\GTR_Framework\src\texture.cpp(47,57): warning C4244: 'argument': conversion from 'unsigned int' to 'float', possible loss of data
D:\Uni\4 Cuarto\Trimestre3\GTR\GTR_Framework\src\texture.cpp(47,9): warning C4244: 'initializing': conversion from 'double' to 'int', possible loss of data
D:\Uni\4 Cuarto\Trimestre3\GTR\GTR_Framework\src\texture.cpp(52,15): warning C4018: '<': signed/unsigned mismatch
D:\Uni\4 Cuarto\Trimestre3\GTR\GTR_Framework\src\texture.cpp(53,15): warning C4018: '<': signed/unsigned mismatch
D:\Uni\4 Cuarto\Trimestre3\GTR\GTR_Framework\src\texture.cpp(330,94): warning C4244: 'argument': conversion from 'float' to 'GLsizei', possible loss of data
D:\Uni\4 Cuarto\Trimestre3\GTR\GTR_Framework\src\texture.cpp(330,87): warning C4244: 'argument': conversion from 'float' to 'GLsizei', possible loss of data
D:\Uni\4 Cuarto\Trimestre3\GTR\GTR_Framework\src\texture.cpp(648,18): warning C4244: '=': conversion from 'float' to 'unsigned int', possible loss of data
D:\Uni\4 Cuarto\Trimestre3\GTR\GTR_Framework\src\texture.cpp(649,19): warning C4244: '=': conversion from 'float' to 'unsigned int', possible loss of data
D:\Uni\4 Cuarto\Trimestre3\GTR\GTR_Framework\src\texture.cpp(668,19): warning C4996: 'fopen': This function or variable may be unsafe. Consider using fopen_s instead. To disable deprecation, use _CRT_SECURE_NO_WARNINGS. See online help for details.
D:\Uni\4 Cuarto\Trimestre3\GTR\GTR_Framework\src\texture.cpp(664,12): warning C4101: 'bytesPerPixel': unreferenced local variable
D:\Uni\4 Cuarto\Trimestre3\GTR\GTR_Framework\src\texture.cpp(800,6): warning C4101: 'actual_comps': unreferenced local variable
D:\Uni\4 Cuarto\Trimestre3\GTR\GTR_Framework\src\texture.cpp(866,15): warning C4996: 'fopen': This function or variable may be unsafe. Consider using fopen_s instead. To disable deprecation, use _CRT_SECURE_NO_WARNINGS. See online help for details.
D:\Uni\4 Cuarto\Trimestre3\GTR\GTR_Framework\src\texture.cpp(938,15): warning C4996: 'fopen': This function or variable may be unsafe. Consider using fopen_s instead. To disable deprecation, use _CRT_SECURE_NO_WARNINGS. See online help for details.
D:\Uni\4 Cuarto\Trimestre3\GTR\GTR_Framework\src\texture.cpp(952,15): warning C4996: 'fopen': This function or variable may be unsafe. Consider using fopen_s instead. To disable deprecation, use _CRT_SECURE_NO_WARNINGS. See online help for details.
D:\Uni\4 Cuarto\Trimestre3\GTR\GTR_Framework\src\texture.cpp(971,18): warning C4244: '=': conversion from 'float' to 'unsigned int', possible loss of data
D:\Uni\4 Cuarto\Trimestre3\GTR\GTR_Framework\src\texture.cpp(972,19): warning C4244: '=': conversion from 'float' to 'unsigned int', possible loss of data
  imgui_draw.cpp
camera.obj : warning LNK4075: ignoring '/EDITANDCONTINUE' due to '/INCREMENTAL:NO' specification
     Creating library ..\..\framework_debug.lib and object ..\..\framework_debug.exp
LINK : warning LNK4098: defaultlib 'LIBCMT' conflicts with use of other libs; use /NODEFAULTLIB:library
LINK : warning LNK4217: symbol '___glewActiveTexture' defined in 'glew32s.lib(glew.obj)' is imported by 'imgui_impl_opengl3.obj' in function '"void __cdecl ImGui_ImplOpenGL3_RenderDrawData(struct ImDrawData *)" (?ImGui_ImplOpenGL3_RenderDrawData@@YAXPAUImDrawData@@@Z)'
LINK : warning LNK4217: symbol '___glewBlendEquation' defined in 'glew32s.lib(glew.obj)' is imported by 'imgui_impl_opengl3.obj' in function '"void __cdecl ImGui_ImplOpenGL3_SetupRenderState(struct ImDrawData *,int,int,unsigned int)" (?ImGui_ImplOpenGL3_SetupRenderState@@YAXPAUImDrawData@@HHI@Z)'
LINK : warning LNK4217: symbol '___glewBlendFuncSeparate' defined in 'glew32s.lib(glew.obj)' is imported by 'imgui_impl_opengl3.obj' in function '"void __cdecl ImGui_ImplOpenGL3_RenderDrawData(struct ImDrawData *)" (?ImGui_ImplOpenGL3_RenderDrawData@@YAXPAUImDrawData@@@Z)'
LINK : warning LNK4217: symbol '___glewBindBuffer' defined in 'glew32s.lib(glew.obj)' is imported by 'imgui_impl_opengl3.obj' in function '"bool __cdecl ImGui_ImplOpenGL3_CreateDeviceObjects(void)" (?ImGui_ImplOpenGL3_CreateDeviceObjects@@YA_NXZ)'
LINK : warning LNK4217: symbol '___glewBufferData' defined in 'glew32s.lib(glew.obj)' is imported by 'imgui_impl_opengl3.obj' in function '"void __cdecl ImGui_ImplOpenGL3_RenderDrawData(struct ImDrawData *)" (?ImGui_ImplOpenGL3_RenderDrawData@@YAXPAUImDrawData@@@Z)'
LINK : warning LNK4217: symbol '___glewDeleteBuffers' defined in 'glew32s.lib(glew.obj)' is imported by 'imgui_impl_opengl3.obj' in function '"void __cdecl ImGui_ImplOpenGL3_DestroyDeviceObjects(void)" (?ImGui_ImplOpenGL3_DestroyDeviceObjects@@YAXXZ)'
LINK : warning LNK4217: symbol '___glewGenBuffers' defined in 'glew32s.lib(glew.obj)' is imported by 'imgui_impl_opengl3.obj' in function '"bool __cdecl ImGui_ImplOpenGL3_CreateDeviceObjects(void)" (?ImGui_ImplOpenGL3_CreateDeviceObjects@@YA_NXZ)'
LINK : warning LNK4217: symbol '___glewAttachShader' defined in 'glew32s.lib(glew.obj)' is imported by 'imgui_impl_opengl3.obj' in function '"bool __cdecl ImGui_ImplOpenGL3_CreateDeviceObjects(void)" (?ImGui_ImplOpenGL3_CreateDeviceObjects@@YA_NXZ)'
LINK : warning LNK4217: symbol '___glewBlendEquationSeparate' defined in 'glew32s.lib(glew.obj)' is imported by 'imgui_impl_opengl3.obj' in function '"void __cdecl ImGui_ImplOpenGL3_RenderDrawData(struct ImDrawData *)" (?ImGui_ImplOpenGL3_RenderDrawData@@YAXPAUImDrawData@@@Z)'
LINK : warning LNK4217: symbol '___glewCompileShader' defined in 'glew32s.lib(glew.obj)' is imported by 'imgui_impl_opengl3.obj' in function '"bool __cdecl ImGui_ImplOpenGL3_CreateDeviceObjects(void)" (?ImGui_ImplOpenGL3_CreateDeviceObjects@@YA_NXZ)'
LINK : warning LNK4217: symbol '___glewCreateProgram' defined in 'glew32s.lib(glew.obj)' is imported by 'imgui_impl_opengl3.obj' in function '"bool __cdecl ImGui_ImplOpenGL3_CreateDeviceObjects(void)" (?ImGui_ImplOpenGL3_CreateDeviceObjects@@YA_NXZ)'
LINK : warning LNK4217: symbol '___glewCreateShader' defined in 'glew32s.lib(glew.obj)' is imported by 'imgui_impl_opengl3.obj' in function '"bool __cdecl ImGui_ImplOpenGL3_CreateDeviceObjects(void)" (?ImGui_ImplOpenGL3_CreateDeviceObjects@@YA_NXZ)'
LINK : warning LNK4217: symbol '___glewDeleteProgram' defined in 'glew32s.lib(glew.obj)' is imported by 'imgui_impl_opengl3.obj' in function '"void __cdecl ImGui_ImplOpenGL3_DestroyDeviceObjects(void)" (?ImGui_ImplOpenGL3_DestroyDeviceObjects@@YAXXZ)'
LINK : warning LNK4217: symbol '___glewDeleteShader' defined in 'glew32s.lib(glew.obj)' is imported by 'imgui_impl_opengl3.obj' in function '"void __cdecl ImGui_ImplOpenGL3_DestroyDeviceObjects(void)" (?ImGui_ImplOpenGL3_DestroyDeviceObjects@@YAXXZ)'
LINK : warning LNK4217: symbol '___glewDetachShader' defined in 'glew32s.lib(glew.obj)' is imported by 'imgui_impl_opengl3.obj' in function '"void __cdecl ImGui_ImplOpenGL3_DestroyDeviceObjects(void)" (?ImGui_ImplOpenGL3_DestroyDeviceObjects@@YAXXZ)'
LINK : warning LNK4217: symbol '___glewEnableVertexAttribArray' defined in 'glew32s.lib(glew.obj)' is imported by 'imgui_impl_opengl3.obj' in function '"void __cdecl ImGui_ImplOpenGL3_SetupRenderState(struct ImDrawData *,int,int,unsigned int)" (?ImGui_ImplOpenGL3_SetupRenderState@@YAXPAUImDrawData@@HHI@Z)'
LINK : warning LNK4217: symbol '___glewGetAttribLocation' defined in 'glew32s.lib(glew.obj)' is imported by 'imgui_impl_opengl3.obj' in function '"bool __cdecl ImGui_ImplOpenGL3_CreateDeviceObjects(void)" (?ImGui_ImplOpenGL3_CreateDeviceObjects@@YA_NXZ)'
LINK : warning LNK4217: symbol '___glewGetProgramInfoLog' defined in 'glew32s.lib(glew.obj)' is imported by 'imgui_impl_opengl3.obj' in function '"bool __cdecl CheckProgram(unsigned int,char const *)" (?CheckProgram@@YA_NIPBD@Z)'
LINK : warning LNK4217: symbol '___glewGetProgramiv' defined in 'glew32s.lib(glew.obj)' is imported by 'imgui_impl_opengl3.obj' in function '"bool __cdecl CheckProgram(unsigned int,char const *)" (?CheckProgram@@YA_NIPBD@Z)'
LINK : warning LNK4217: symbol '___glewGetShaderInfoLog' defined in 'glew32s.lib(glew.obj)' is imported by 'imgui_impl_opengl3.obj' in function '"bool __cdecl CheckShader(unsigned int,char const *)" (?CheckShader@@YA_NIPBD@Z)'
LINK : warning LNK4217: symbol '___glewGetShaderiv' defined in 'glew32s.lib(glew.obj)' is imported by 'imgui_impl_opengl3.obj' in function '"bool __cdecl CheckShader(unsigned int,char const *)" (?CheckShader@@YA_NIPBD@Z)'
LINK : warning LNK4217: symbol '___glewGetUniformLocation' defined in 'glew32s.lib(glew.obj)' is imported by 'imgui_impl_opengl3.obj' in function '"bool __cdecl ImGui_ImplOpenGL3_CreateDeviceObjects(void)" (?ImGui_ImplOpenGL3_CreateDeviceObjects@@YA_NXZ)'
LINK : warning LNK4217: symbol '___glewLinkProgram' defined in 'glew32s.lib(glew.obj)' is imported by 'imgui_impl_opengl3.obj' in function '"bool __cdecl ImGui_ImplOpenGL3_CreateDeviceObjects(void)" (?ImGui_ImplOpenGL3_CreateDeviceObjects@@YA_NXZ)'
LINK : warning LNK4217: symbol '___glewShaderSource' defined in 'glew32s.lib(glew.obj)' is imported by 'imgui_impl_opengl3.obj' in function '"bool __cdecl ImGui_ImplOpenGL3_CreateDeviceObjects(void)" (?ImGui_ImplOpenGL3_CreateDeviceObjects@@YA_NXZ)'
LINK : warning LNK4217: symbol '___glewUniform1i' defined in 'glew32s.lib(glew.obj)' is imported by 'imgui_impl_opengl3.obj' in function '"void __cdecl ImGui_ImplOpenGL3_SetupRenderState(struct ImDrawData *,int,int,unsigned int)" (?ImGui_ImplOpenGL3_SetupRenderState@@YAXPAUImDrawData@@HHI@Z)'
LINK : warning LNK4217: symbol '___glewUniformMatrix4fv' defined in 'glew32s.lib(glew.obj)' is imported by 'imgui_impl_opengl3.obj' in function '"void __cdecl ImGui_ImplOpenGL3_SetupRenderState(struct ImDrawData *,int,int,unsigned int)" (?ImGui_ImplOpenGL3_SetupRenderState@@YAXPAUImDrawData@@HHI@Z)'
LINK : warning LNK4217: symbol '___glewUseProgram' defined in 'glew32s.lib(glew.obj)' is imported by 'imgui_impl_opengl3.obj' in function '"void __cdecl ImGui_ImplOpenGL3_RenderDrawData(struct ImDrawData *)" (?ImGui_ImplOpenGL3_RenderDrawData@@YAXPAUImDrawData@@@Z)'
LINK : warning LNK4217: symbol '___glewVertexAttribPointer' defined in 'glew32s.lib(glew.obj)' is imported by 'imgui_impl_opengl3.obj' in function '"void __cdecl ImGui_ImplOpenGL3_SetupRenderState(struct ImDrawData *,int,int,unsigned int)" (?ImGui_ImplOpenGL3_SetupRenderState@@YAXPAUImDrawData@@HHI@Z)'
LINK : warning LNK4217: symbol '___glewDrawElementsBaseVertex' defined in 'glew32s.lib(glew.obj)' is imported by 'imgui_impl_opengl3.obj' in function '"void __cdecl ImGui_ImplOpenGL3_RenderDrawData(struct ImDrawData *)" (?ImGui_ImplOpenGL3_RenderDrawData@@YAXPAUImDrawData@@@Z)'
LINK : warning LNK4217: symbol '___glewBindSampler' defined in 'glew32s.lib(glew.obj)' is imported by 'imgui_impl_opengl3.obj' in function '"void __cdecl ImGui_ImplOpenGL3_RenderDrawData(struct ImDrawData *)" (?ImGui_ImplOpenGL3_RenderDrawData@@YAXPAUImDrawData@@@Z)'
LINK : warning LNK4217: symbol '___glewBindVertexArray' defined in 'glew32s.lib(glew.obj)' is imported by 'imgui_impl_opengl3.obj' in function '"bool __cdecl ImGui_ImplOpenGL3_CreateDeviceObjects(void)" (?ImGui_ImplOpenGL3_CreateDeviceObjects@@YA_NXZ)'
LINK : warning LNK4217: symbol '___glewDeleteVertexArrays' defined in 'glew32s.lib(glew.obj)' is imported by 'imgui_impl_opengl3.obj' in function '"void __cdecl ImGui_ImplOpenGL3_RenderDrawData(struct ImDrawData *)" (?ImGui_ImplOpenGL3_RenderDrawData@@YAXPAUImDrawData@@@Z)'
LINK : warning LNK4217: symbol '___glewGenVertexArrays' defined in 'glew32s.lib(glew.obj)' is imported by 'imgui_impl_opengl3.obj' in function '"void __cdecl ImGui_ImplOpenGL3_RenderDrawData(struct ImDrawData *)" (?ImGui_ImplOpenGL3_RenderDrawData@@YAXPAUImDrawData@@@Z)'
glew32s.lib(glew.obj) : warning LNK4099: PDB '' was not found with 'glew32s.lib(glew.obj)' or at ''; linking object as if no debug info
  visualstudio.vcxproj -> D:\Uni\4 Cuarto\Trimestre3\GTR\GTR_Framework\framework_debug.exe
