  renderer.cpp
D:\Uni\4 Cuarto\Trimestre3\GTR\GTR_Framework\src\extra\cJSON.h(104,1): warning C4099: 'cJSON': type name first seen using 'class' now seen using 'struct'
D:\Uni\4 Cuarto\Trimestre3\GTR\GTR_Framework\src\extra\cJSON.h(103): message : see declaration of 'cJSON'
D:\Uni\4 Cuarto\Trimestre3\GTR\GTR_Framework\src\renderer.cpp(45,16): warning C4305: '=': truncation from 'double' to 'float'
D:\Uni\4 Cuarto\Trimestre3\GTR\GTR_Framework\src\renderer.cpp(47,13): warning C4305: '=': truncation from 'double' to 'float'
D:\Uni\4 Cuarto\Trimestre3\GTR\GTR_Framework\src\renderer.cpp(59,20): warning C4018: '<': signed/unsigned mismatch
D:\Uni\4 Cuarto\Trimestre3\GTR\GTR_Framework\src\renderer.cpp(111,20): warning C4018: '<': signed/unsigned mismatch
D:\Uni\4 Cuarto\Trimestre3\GTR\GTR_Framework\src\renderer.cpp(157,20): warning C4018: '<': signed/unsigned mismatch
D:\Uni\4 Cuarto\Trimestre3\GTR\GTR_Framework\src\renderer.cpp(253,10): warning C4244: 'initializing': conversion from 'long' to 'float', possible loss of data
D:\Uni\4 Cuarto\Trimestre3\GTR\GTR_Framework\src\renderer.cpp(319,64): warning C4244: 'argument': conversion from 'double' to 'float', possible loss of data
D:\Uni\4 Cuarto\Trimestre3\GTR\GTR_Framework\src\renderer.cpp(319,44): warning C4244: 'argument': conversion from 'double' to 'float', possible loss of data
D:\Uni\4 Cuarto\Trimestre3\GTR\GTR_Framework\src\renderer.cpp(332,20): warning C4018: '<': signed/unsigned mismatch
D:\Uni\4 Cuarto\Trimestre3\GTR\GTR_Framework\src\renderer.cpp(390,20): warning C4018: '<': signed/unsigned mismatch
D:\Uni\4 Cuarto\Trimestre3\GTR\GTR_Framework\src\renderer.cpp(414,20): warning C4018: '<': signed/unsigned mismatch
D:\Uni\4 Cuarto\Trimestre3\GTR\GTR_Framework\src\renderer.cpp(487,20): warning C4018: '<': signed/unsigned mismatch
D:\Uni\4 Cuarto\Trimestre3\GTR\GTR_Framework\src\renderer.cpp(551,48): warning C4244: 'argument': conversion from 'double' to 'GLsizei', possible loss of data
D:\Uni\4 Cuarto\Trimestre3\GTR\GTR_Framework\src\renderer.cpp(551,34): warning C4244: 'argument': conversion from 'double' to 'GLsizei', possible loss of data
D:\Uni\4 Cuarto\Trimestre3\GTR\GTR_Framework\src\renderer.cpp(551,22): warning C4244: 'argument': conversion from 'double' to 'GLint', possible loss of data
D:\Uni\4 Cuarto\Trimestre3\GTR\GTR_Framework\src\renderer.cpp(554,58): warning C4244: 'argument': conversion from 'double' to 'GLsizei', possible loss of data
D:\Uni\4 Cuarto\Trimestre3\GTR\GTR_Framework\src\renderer.cpp(554,44): warning C4244: 'argument': conversion from 'double' to 'GLsizei', possible loss of data
D:\Uni\4 Cuarto\Trimestre3\GTR\GTR_Framework\src\renderer.cpp(554,32): warning C4244: 'argument': conversion from 'double' to 'GLint', possible loss of data
D:\Uni\4 Cuarto\Trimestre3\GTR\GTR_Framework\src\renderer.cpp(554,19): warning C4244: 'argument': conversion from 'double' to 'GLint', possible loss of data
D:\Uni\4 Cuarto\Trimestre3\GTR\GTR_Framework\src\renderer.cpp(557,39): warning C4244: 'argument': conversion from 'double' to 'GLsizei', possible loss of data
D:\Uni\4 Cuarto\Trimestre3\GTR\GTR_Framework\src\renderer.cpp(557,25): warning C4244: 'argument': conversion from 'double' to 'GLsizei', possible loss of data
D:\Uni\4 Cuarto\Trimestre3\GTR\GTR_Framework\src\renderer.cpp(560,49): warning C4244: 'argument': conversion from 'double' to 'GLsizei', possible loss of data
D:\Uni\4 Cuarto\Trimestre3\GTR\GTR_Framework\src\renderer.cpp(560,35): warning C4244: 'argument': conversion from 'double' to 'GLsizei', possible loss of data
D:\Uni\4 Cuarto\Trimestre3\GTR\GTR_Framework\src\renderer.cpp(560,19): warning C4244: 'argument': conversion from 'double' to 'GLint', possible loss of data
D:\Uni\4 Cuarto\Trimestre3\GTR\GTR_Framework\src\renderer.cpp(609,63): warning C4244: 'argument': conversion from 'double' to 'float', possible loss of data
D:\Uni\4 Cuarto\Trimestre3\GTR\GTR_Framework\src\renderer.cpp(609,43): warning C4244: 'argument': conversion from 'double' to 'float', possible loss of data
D:\Uni\4 Cuarto\Trimestre3\GTR\GTR_Framework\src\renderer.cpp(634,20): warning C4018: '<': signed/unsigned mismatch
D:\Uni\4 Cuarto\Trimestre3\GTR\GTR_Framework\src\renderer.cpp(656,63): warning C4244: 'argument': conversion from 'double' to 'float', possible loss of data
D:\Uni\4 Cuarto\Trimestre3\GTR\GTR_Framework\src\renderer.cpp(656,43): warning C4244: 'argument': conversion from 'double' to 'float', possible loss of data
D:\Uni\4 Cuarto\Trimestre3\GTR\GTR_Framework\src\renderer.cpp(677,64): warning C4305: 'argument': truncation from 'double' to 'float'
D:\Uni\4 Cuarto\Trimestre3\GTR\GTR_Framework\src\renderer.cpp(691,66): warning C4305: 'argument': truncation from 'double' to 'float'
D:\Uni\4 Cuarto\Trimestre3\GTR\GTR_Framework\src\renderer.cpp(728,15): warning C4244: 'initializing': conversion from 'double' to 'float', possible loss of data
D:\Uni\4 Cuarto\Trimestre3\GTR\GTR_Framework\src\renderer.cpp(729,13): warning C4244: 'initializing': conversion from 'double' to 'float', possible loss of data
D:\Uni\4 Cuarto\Trimestre3\GTR\GTR_Framework\src\renderer.cpp(730,11): warning C4244: 'initializing': conversion from 'double' to 'float', possible loss of data
D:\Uni\4 Cuarto\Trimestre3\GTR\GTR_Framework\src\renderer.cpp(746,21): warning C4305: '=': truncation from 'double' to 'float'
D:\Uni\4 Cuarto\Trimestre3\GTR\GTR_Framework\src\renderer.cpp(789,63): warning C4244: 'argument': conversion from 'double' to 'float', possible loss of data
D:\Uni\4 Cuarto\Trimestre3\GTR\GTR_Framework\src\renderer.cpp(789,43): warning C4244: 'argument': conversion from 'double' to 'float', possible loss of data
     Creating library ..\..\framework.lib and object ..\..\framework.exp
LINK : warning LNK4098: defaultlib 'LIBCMT' conflicts with use of other libs; use /NODEFAULTLIB:library
  Generating code
  2 of 4297 functions (<0.1%) were compiled, the rest were copied from previous compilation.
    0 functions were new in current compilation
    52 functions had inline decision re-evaluated but remain unchanged
  Finished generating code
LINK : warning LNK4286: symbol '___glewDeleteBuffers' defined in 'glew32s.lib(glew.obj)' is imported by 'imgui_impl_opengl3.obj'
LINK : warning LNK4286: symbol '___glewLinkProgram' defined in 'glew32s.lib(glew.obj)' is imported by 'imgui_impl_opengl3.obj'
LINK : warning LNK4286: symbol '___glewDeleteShader' defined in 'glew32s.lib(glew.obj)' is imported by 'imgui_impl_opengl3.obj'
LINK : warning LNK4286: symbol '___glewGenBuffers' defined in 'glew32s.lib(glew.obj)' is imported by 'imgui_impl_opengl3.obj'
LINK : warning LNK4286: symbol '___glewGetProgramInfoLog' defined in 'glew32s.lib(glew.obj)' is imported by 'imgui_impl_opengl3.obj'
LINK : warning LNK4286: symbol '___glewDetachShader' defined in 'glew32s.lib(glew.obj)' is imported by 'imgui_impl_opengl3.obj'
LINK : warning LNK4286: symbol '___glewUniformMatrix4fv' defined in 'glew32s.lib(glew.obj)' is imported by 'imgui_impl_opengl3.obj'
LINK : warning LNK4286: symbol '___glewBlendEquationSeparate' defined in 'glew32s.lib(glew.obj)' is imported by 'imgui_impl_opengl3.obj'
LINK : warning LNK4286: symbol '___glewGenVertexArrays' defined in 'glew32s.lib(glew.obj)' is imported by 'imgui_impl_opengl3.obj'
LINK : warning LNK4286: symbol '___glewBlendEquation' defined in 'glew32s.lib(glew.obj)' is imported by 'imgui_impl_opengl3.obj'
LINK : warning LNK4286: symbol '___glewShaderSource' defined in 'glew32s.lib(glew.obj)' is imported by 'imgui_impl_opengl3.obj'
LINK : warning LNK4286: symbol '___glewDeleteProgram' defined in 'glew32s.lib(glew.obj)' is imported by 'imgui_impl_opengl3.obj'
LINK : warning LNK4286: symbol '___glewActiveTexture' defined in 'glew32s.lib(glew.obj)' is imported by 'imgui_impl_opengl3.obj'
LINK : warning LNK4286: symbol '___glewAttachShader' defined in 'glew32s.lib(glew.obj)' is imported by 'imgui_impl_opengl3.obj'
LINK : warning LNK4286: symbol '___glewBufferData' defined in 'glew32s.lib(glew.obj)' is imported by 'imgui_impl_opengl3.obj'
LINK : warning LNK4286: symbol '___glewGetUniformLocation' defined in 'glew32s.lib(glew.obj)' is imported by 'imgui_impl_opengl3.obj'
LINK : warning LNK4286: symbol '___glewBlendFuncSeparate' defined in 'glew32s.lib(glew.obj)' is imported by 'imgui_impl_opengl3.obj'
LINK : warning LNK4286: symbol '___glewDeleteVertexArrays' defined in 'glew32s.lib(glew.obj)' is imported by 'imgui_impl_opengl3.obj'
LINK : warning LNK4286: symbol '___glewGetProgramiv' defined in 'glew32s.lib(glew.obj)' is imported by 'imgui_impl_opengl3.obj'
LINK : warning LNK4286: symbol '___glewGetShaderInfoLog' defined in 'glew32s.lib(glew.obj)' is imported by 'imgui_impl_opengl3.obj'
LINK : warning LNK4286: symbol '___glewUniform1i' defined in 'glew32s.lib(glew.obj)' is imported by 'imgui_impl_opengl3.obj'
LINK : warning LNK4286: symbol '___glewCreateProgram' defined in 'glew32s.lib(glew.obj)' is imported by 'imgui_impl_opengl3.obj'
LINK : warning LNK4286: symbol '___glewBindBuffer' defined in 'glew32s.lib(glew.obj)' is imported by 'imgui_impl_opengl3.obj'
LINK : warning LNK4286: symbol '___glewCreateShader' defined in 'glew32s.lib(glew.obj)' is imported by 'imgui_impl_opengl3.obj'
LINK : warning LNK4286: symbol '___glewGetAttribLocation' defined in 'glew32s.lib(glew.obj)' is imported by 'imgui_impl_opengl3.obj'
LINK : warning LNK4286: symbol '___glewCompileShader' defined in 'glew32s.lib(glew.obj)' is imported by 'imgui_impl_opengl3.obj'
LINK : warning LNK4286: symbol '___glewGetShaderiv' defined in 'glew32s.lib(glew.obj)' is imported by 'imgui_impl_opengl3.obj'
LINK : warning LNK4286: symbol '___glewDrawElementsBaseVertex' defined in 'glew32s.lib(glew.obj)' is imported by 'imgui_impl_opengl3.obj'
LINK : warning LNK4286: symbol '___glewVertexAttribPointer' defined in 'glew32s.lib(glew.obj)' is imported by 'imgui_impl_opengl3.obj'
LINK : warning LNK4286: symbol '___glewUseProgram' defined in 'glew32s.lib(glew.obj)' is imported by 'imgui_impl_opengl3.obj'
LINK : warning LNK4286: symbol '___glewBindSampler' defined in 'glew32s.lib(glew.obj)' is imported by 'imgui_impl_opengl3.obj'
LINK : warning LNK4286: symbol '___glewBindVertexArray' defined in 'glew32s.lib(glew.obj)' is imported by 'imgui_impl_opengl3.obj'
LINK : warning LNK4286: symbol '___glewEnableVertexAttribArray' defined in 'glew32s.lib(glew.obj)' is imported by 'imgui_impl_opengl3.obj'
glew32s.lib(glew.obj) : warning LNK4099: PDB '' was not found with 'glew32s.lib(glew.obj)' or at ''; linking object as if no debug info
  visualstudio.vcxproj -> D:\Uni\4 Cuarto\Trimestre3\GTR\GTR_Framework\framework.exe
